<?xml version="1.0" encoding="UTF-8"?>
<!-- Generated by org.testng.reporters.JUnitXMLReporter -->
<testsuite ignored="0" hostname="C02HG794Q6L5" failures="1" tests="4" name="Test" time="0.03" errors="0" timestamp="2024-05-21T11:54:08 IST">
  <testcase classname="com.TestNG.Parameterisation" name="readdata" time="0.004"/>
  <testcase classname="com.TestNG.Parameterisation" name="readdata" time="0.001"/>
  <testcase classname="com.TestNG.Parameterisation" name="readdata" time="0.0"/>
  <testcase classname="com.TestNG.Parameterisation" name="test" time="0.0">
    <failure type="org.testng.TestNGException" message="
Parameter &amp;apos;url&amp;apos; is required by @Test on method test but has not been marked @Optional or defined
in /Users/SA20465624/Documents/work/Locators/testng3.xml">
      <![CDATA[org.testng.TestNGException: 
Parameter 'url' is required by @Test on method test but has not been marked @Optional or defined
in /Users/SA20465624/Documents/work/Locators/testng3.xml
at java.base/java.util.ArrayList.forEach(ArrayList.java:1511)
... Removed 26 stack frames]]>
    </failure>
  </testcase> <!-- test -->
</testsuite> <!-- Test -->
