<?xml version="1.0" encoding="UTF-8"?>
<testng-results ignored="0" total="5" passed="5" failed="0" skipped="0">
  <reporter-output>
  </reporter-output>
  <suite started-at="2024-09-05T11:37:45 IST" name="Default suite" finished-at="2024-09-05T11:37:45 IST" duration-ms="29">
    <groups>
      <group name="sanity">
        <method signature="Test1.t4()[pri:0, instance:com.TestNG.Test1@384ad17b]" name="t4" class="com.TestNG.Test1"/>
      </group> <!-- sanity -->
    </groups>
    <test started-at="2024-09-05T11:37:45 IST" name="Default test" finished-at="2024-09-05T11:37:45 IST" duration-ms="29">
      <class name="com.TestNG.Test1">
        <test-method signature="t1()[pri:0, instance:com.TestNG.Test1@384ad17b]" started-at="2024-09-05T11:37:45 IST" name="t1" finished-at="2024-09-05T11:37:45 IST" duration-ms="2" status="PASS">
          <reporter-output>
          </reporter-output>
        </test-method> <!-- t1 -->
        <test-method signature="t4()[pri:0, instance:com.TestNG.Test1@384ad17b]" started-at="2024-09-05T11:37:45 IST" name="t4" finished-at="2024-09-05T11:37:45 IST" duration-ms="1" status="PASS">
          <reporter-output>
          </reporter-output>
        </test-method> <!-- t4 -->
        <test-method signature="t5()[pri:0, instance:com.TestNG.Test1@384ad17b]" started-at="2024-09-05T11:37:45 IST" name="t5" finished-at="2024-09-05T11:37:45 IST" duration-ms="1" status="PASS">
          <reporter-output>
          </reporter-output>
        </test-method> <!-- t5 -->
        <test-method signature="t2()[pri:0, instance:com.TestNG.Test1@384ad17b]" started-at="2024-09-05T11:37:45 IST" name="t2" finished-at="2024-09-05T11:37:45 IST" depends-on-methods="com.TestNG.Test1.t1" duration-ms="1" status="PASS">
          <reporter-output>
          </reporter-output>
        </test-method> <!-- t2 -->
        <test-method signature="t3()[pri:0, instance:com.TestNG.Test1@384ad17b]" started-at="2024-09-05T11:37:45 IST" name="t3" finished-at="2024-09-05T11:37:45 IST" depends-on-methods="com.TestNG.Test1.t2" duration-ms="0" status="PASS">
          <reporter-output>
          </reporter-output>
        </test-method> <!-- t3 -->
      </class> <!-- com.TestNG.Test1 -->
    </test> <!-- Default test -->
  </suite> <!-- Default suite -->
</testng-results>
